SF:lib/src/widgets.dart
DA:59,1
DA:67,1
DA:69,1
DA:71,1
DA:72,1
DA:73,2
DA:74,1
DA:75,2
DA:76,1
DA:77,2
DA:78,1
DA:79,2
DA:80,1
DA:81,2
DA:83,0
DA:111,1
DA:120,1
DA:122,1
DA:125,1
DA:126,0
DA:130,1
DA:131,0
DA:132,2
DA:133,1
DA:136,2
DA:137,1
DA:140,2
DA:141,1
DA:144,2
DA:145,1
DA:148,2
DA:149,1
DA:152,1
LF:33
LH:30
end_of_record
SF:lib/src/extensions.dart
DA:25,0
DA:26,0
DA:29,0
DA:33,0
DA:34,0
DA:38,0
DA:39,0
DA:43,0
DA:44,0
DA:70,0
DA:86,0
DA:94,1
DA:95,2
DA:96,1
DA:97,3
DA:98,1
DA:99,1
DA:101,1
DA:110,0
DA:111,0
DA:112,0
DA:113,0
DA:114,0
DA:115,0
DA:117,0
DA:125,0
DA:127,0
DA:131,0
DA:132,0
DA:136,0
DA:137,0
DA:141,0
DA:145,0
DA:159,1
DA:160,2
DA:162,2
DA:163,2
DA:165,2
DA:166,2
DA:168,2
DA:169,2
DA:182,0
DA:183,0
DA:184,0
DA:186,0
DA:187,0
DA:189,0
DA:190,0
DA:192,0
DA:193,0
DA:207,0
DA:216,2
LF:52
LH:16
end_of_record
SF:lib/src/enumerations.dart
DA:6,2
DA:11,2
DA:16,2
DA:21,2
LF:4
LH:4
end_of_record
SF:lib/src/layout_breakpoint.dart
DA:7,0
LF:1
LH:0
end_of_record
SF:lib/src/services.dart
DA:7,1
DA:8,2
DA:10,1
DA:11,2
DA:13,1
DA:14,2
DA:16,1
DA:17,2
DA:19,1
DA:20,2
DA:22,1
DA:24,0
DA:26,0
DA:27,0
DA:28,0
DA:30,1
DA:32,2
DA:33,2
LF:18
LH:14
end_of_record
