SF:lib/src/adaptive_popup_route.dart
DA:55,0
DA:67,0
DA:69,0
DA:70,0
DA:72,0
DA:75,0
DA:78,0
DA:79,0
DA:80,0
DA:81,0
DA:82,0
DA:83,0
DA:84,0
DA:85,0
DA:86,0
DA:87,0
DA:89,0
LF:17
LH:0
end_of_record
SF:lib/src/widgets.dart
DA:61,1
DA:69,1
DA:71,1
DA:73,1
DA:74,1
DA:75,2
DA:76,1
DA:77,2
DA:78,1
DA:79,2
DA:80,1
DA:81,2
DA:82,1
DA:83,2
DA:85,0
DA:113,1
DA:122,1
DA:124,1
DA:127,1
DA:128,0
DA:132,1
DA:133,0
DA:134,2
DA:135,1
DA:138,2
DA:139,1
DA:142,2
DA:143,1
DA:146,2
DA:147,1
DA:150,2
DA:151,1
DA:154,1
DA:185,0
DA:199,0
DA:201,0
DA:202,0
DA:208,0
DA:210,0
DA:212,0
DA:213,0
DA:214,0
DA:218,0
DA:226,0
DA:230,0
DA:232,0
DA:233,0
DA:234,0
DA:241,0
DA:242,0
DA:243,0
DA:244,0
DA:252,0
DA:253,0
DA:254,0
DA:259,0
DA:261,0
DA:262,0
DA:265,0
DA:270,0
DA:271,0
DA:272,0
DA:273,0
DA:274,0
DA:275,0
DA:280,0
DA:287,0
DA:289,0
DA:290,0
DA:291,0
DA:292,0
DA:293,0
DA:294,0
DA:295,0
DA:296,0
DA:299,0
DA:300,0
DA:301,0
DA:305,0
DA:308,0
DA:310,0
DA:311,0
DA:312,0
DA:313,0
DA:318,2
LF:85
LH:31
end_of_record
SF:lib/src/extensions.dart
DA:25,0
DA:26,0
DA:29,0
DA:33,0
DA:34,0
DA:38,0
DA:39,0
DA:43,0
DA:44,0
DA:70,0
DA:86,0
DA:94,1
DA:95,2
DA:96,1
DA:97,3
DA:98,1
DA:99,1
DA:101,1
DA:110,0
DA:111,0
DA:112,0
DA:113,0
DA:114,0
DA:115,0
DA:117,0
DA:125,0
DA:127,0
DA:131,0
DA:132,0
DA:136,0
DA:137,0
DA:141,0
DA:145,0
DA:159,1
DA:160,2
DA:162,2
DA:163,2
DA:165,2
DA:166,2
DA:168,2
DA:169,2
DA:177,0
DA:180,0
DA:183,0
DA:186,0
DA:189,0
DA:190,0
DA:191,0
DA:192,0
DA:195,0
DA:198,0
DA:200,0
DA:208,0
DA:209,0
DA:210,0
DA:212,0
DA:213,0
DA:215,0
DA:216,0
DA:218,0
DA:219,0
DA:233,0
DA:242,2
LF:63
LH:16
end_of_record
SF:lib/src/enumerations.dart
DA:6,2
DA:11,2
DA:16,2
DA:21,2
LF:4
LH:4
end_of_record
SF:lib/src/layout_breakpoint.dart
DA:7,0
LF:1
LH:0
end_of_record
SF:lib/src/services.dart
DA:7,1
DA:8,2
DA:10,1
DA:11,2
DA:13,1
DA:14,2
DA:16,1
DA:17,2
DA:19,1
DA:20,2
DA:22,1
DA:24,0
DA:26,0
DA:27,0
DA:28,0
DA:30,1
DA:32,2
DA:33,2
LF:18
LH:14
end_of_record
