SF:lib/my_cupertino_app.dart
DA:5,1
DA:7,1
LF:2
LH:2
end_of_record
SF:lib/my_fusion_app.dart
DA:4,1
DA:6,1
DA:7,1
DA:11,1
DA:13,1
DA:14,1
DA:15,1
LF:7
LH:7
end_of_record
SF:lib/my_linux_app.dart
DA:6,1
DA:8,1
DA:10,1
DA:12,1
LF:4
LH:4
end_of_record
SF:lib/my_macos_app.dart
DA:6,1
DA:8,1
LF:2
LH:2
end_of_record
SF:lib/my_material_app.dart
DA:5,1
DA:7,1
DA:9,1
DA:11,1
LF:4
LH:4
end_of_record
SF:lib/my_window_app.dart
DA:5,1
DA:7,1
DA:8,1
DA:12,1
LF:4
LH:4
end_of_record
SF:lib/main.dart
DA:13,0
DA:14,0
DA:19,0
DA:23,2
DA:25,1
LF:5
LH:2
end_of_record
SF:lib/adaptives/android_adaptive_screen.dart
DA:5,1
DA:7,1
DA:8,1
DA:12,1
DA:14,1
DA:15,1
DA:18,1
DA:19,1
DA:20,0
DA:21,0
DA:22,1
DA:23,1
DA:26,0
DA:29,1
DA:30,1
DA:31,1
DA:32,1
DA:35,0
DA:37,1
DA:40,0
LF:20
LH:15
end_of_record
SF:lib/adaptives/ios_adaptive_screen.dart
DA:6,1
DA:8,1
DA:10,1
DA:11,1
DA:14,1
DA:16,0
DA:19,1
DA:20,1
DA:21,0
DA:22,0
DA:23,0
DA:24,1
DA:27,0
LF:13
LH:8
end_of_record
SF:lib/adaptives/macos_adaptive_screen.dart
DA:6,1
DA:8,1
DA:9,1
DA:15,1
DA:17,1
DA:18,1
DA:19,1
DA:20,1
DA:21,1
DA:22,0
DA:71,1
DA:72,1
DA:73,1
DA:74,2
DA:77,1
DA:78,1
DA:83,1
DA:89,1
DA:90,1
DA:92,1
DA:93,1
DA:94,0
DA:95,0
DA:96,1
DA:97,0
DA:100,0
DA:105,1
DA:110,1
LF:28
LH:23
end_of_record
SF:lib/adaptives/web_adaptive_screen.dart
DA:5,1
DA:7,0
DA:8,0
DA:12,0
DA:14,0
DA:15,0
DA:18,0
DA:19,0
DA:20,0
DA:21,0
DA:22,0
DA:23,0
DA:24,0
DA:30,0
DA:31,0
DA:32,0
DA:33,0
DA:36,0
DA:38,0
DA:41,0
DA:47,0
DA:49,0
DA:50,0
DA:51,0
DA:53,0
DA:54,0
DA:59,0
DA:60,0
DA:61,0
DA:62,0
DA:73,0
DA:74,0
DA:75,0
DA:76,0
DA:77,0
DA:78,0
DA:81,0
LF:37
LH:1
end_of_record
SF:lib/adaptives/window_adaptive_screen.dart
DA:5,1
DA:7,1
DA:8,1
DA:13,1
DA:15,1
DA:16,1
DA:18,1
DA:20,0
DA:23,1
DA:24,1
DA:25,0
DA:30,1
DA:38,1
DA:40,1
DA:41,1
DA:44,1
DA:48,1
DA:52,1
DA:53,1
DA:57,1
DA:61,1
DA:65,1
DA:70,1
DA:71,1
DA:75,1
DA:76,1
DA:77,1
DA:83,1
DA:84,1
DA:85,3
DA:92,1
DA:94,1
DA:96,1
DA:100,1
DA:101,1
DA:102,1
DA:103,0
DA:104,0
DA:105,1
DA:106,0
DA:109,0
LF:41
LH:35
end_of_record
SF:lib/adptive_builder_screen.dart
DA:11,6
DA:13,1
DA:14,1
DA:18,1
LF:4
LH:4
end_of_record
SF:lib/my_web_app.dart
DA:5,1
DA:7,0
DA:9,0
DA:11,0
LF:4
LH:1
end_of_record
