SF:/Users/whitehat/Desktop/mobile_application/flutter/mylekha_helper/myst/packages/printx/lib/src/printx.dart
DA:5,2
DA:8,2
DA:11,2
DA:14,2
DA:17,2
DA:20,2
DA:23,0
DA:26,0
DA:31,0
DA:34,0
DA:37,0
DA:40,0
DA:43,0
DA:46,0
DA:49,0
DA:52,0
LF:16
LH:6
end_of_record
SF:/Users/whitehat/Desktop/mobile_application/flutter/mylekha_helper/myst/packages/printx/lib/src/extensions.dart
DA:9,0
DA:10,0
DA:11,5
DA:12,5
DA:13,5
DA:14,5
DA:15,5
DA:16,5
DA:17,0
DA:18,0
LF:10
LH:6
end_of_record
SF:/Users/whitehat/Desktop/mobile_application/flutter/mylekha_helper/myst/packages/printx/lib/src/functions.dart
DA:4,4
DA:7,0
DA:10,4
DA:13,4
DA:16,4
DA:19,4
DA:22,4
DA:25,0
LF:8
LH:6
end_of_record
