SF:/Users/whitehat/Desktop/mobile_application/flutter/mylekha_helper/myst/packages/myst/lib/src/commands/init_command.dart
DA:10,0
DA:13,0
DA:16,0
DA:17,0
DA:36,0
DA:38,0
DA:39,0
DA:41,0
DA:42,0
DA:43,0
DA:45,0
DA:47,0
DA:49,0
DA:51,0
DA:54,0
DA:57,0
DA:58,0
DA:59,0
DA:63,0
DA:66,0
DA:70,0
DA:71,0
DA:72,0
DA:73,0
DA:74,0
DA:75,0
DA:76,0
DA:77,0
DA:78,0
DA:99,0
DA:100,0
DA:101,0
DA:103,0
DA:104,0
DA:105,0
DA:107,0
DA:109,0
DA:112,0
DA:113,0
DA:114,0
DA:119,0
DA:120,0
DA:121,0
DA:127,0
DA:128,0
DA:129,0
DA:131,0
LF:47
LH:0
end_of_record
SF:/Users/whitehat/Desktop/mobile_application/flutter/mylekha_helper/myst/packages/myst/lib/src/creators/directory_creator.dart
DA:6,0
DA:7,0
DA:8,0
DA:11,0
DA:13,0
DA:14,0
DA:15,0
DA:17,0
DA:18,0
DA:19,0
DA:21,0
DA:25,0
DA:26,0
DA:30,0
LF:14
LH:0
end_of_record
SF:/Users/whitehat/Desktop/mobile_application/flutter/mylekha_helper/myst/packages/myst/lib/src/creators/file_creator.dart
DA:10,0
DA:15,0
DA:16,0
DA:17,0
DA:20,0
DA:22,0
DA:23,0
DA:24,0
DA:26,0
DA:27,0
DA:28,0
DA:30,0
DA:34,0
DA:35,0
DA:40,0
LF:15
LH:0
end_of_record
