SF:lib/controllers/admin/person_controller.dart
DA:13,0
DA:15,0
DA:17,0
DA:22,0
DA:25,0
DA:27,0
DA:30,0
DA:32,0
LF:8
LH:0
end_of_record
SF:lib/controllers/count_stock_controller.dart
DA:13,0
DA:15,0
DA:17,0
DA:22,0
DA:25,0
DA:27,0
DA:30,0
DA:32,0
LF:8
LH:0
end_of_record
SF:lib/layouts/home_layout.dart
DA:11,2
DA:13,1
DA:15,1
DA:16,0
DA:17,2
LF:5
LH:4
end_of_record
SF:lib/widgets/admin/admin_profile_widget.dart
DA:11,2
DA:13,1
DA:15,2
LF:3
LH:3
end_of_record
SF:lib/widgets/user_profile_widget.dart
DA:11,2
DA:13,1
DA:15,2
LF:3
LH:3
end_of_record
SF:lib/main.dart
DA:3,0
DA:4,0
DA:8,2
DA:11,1
DA:13,1
DA:15,1
DA:33,1
DA:46,1
DA:47,1
DA:53,1
DA:54,2
DA:60,2
DA:64,1
DA:72,1
DA:73,1
DA:76,3
DA:78,1
DA:81,1
DA:97,1
DA:101,1
DA:102,2
DA:103,3
DA:108,1
DA:109,1
LF:24
LH:22
end_of_record
